<?xml version="1.0" encoding="UTF-8"?>
<!-- Generated by org.testng.reporters.JUnitReportReporter -->
<testsuite skipped="0" hostname="ESWARKOLLA-PC" name="nit.Selenum_ebaySearch.EbaySearchTest" tests="1" failures="0" timestamp="2020-07-03T16:41:46 IST" time="121.328" errors="0">
  <testcase name="search" time="121.328" classname="nit.Selenum_ebaySearch.EbaySearchTest"/>
  <system-out/>
</testsuite> <!-- nit.Selenum_ebaySearch.EbaySearchTest -->
