<?xml version="1.0" encoding="UTF-8"?>
<!-- Generated by org.testng.reporters.JUnitReportReporter -->
<testsuite skipped="0" hostname="ESWARKOLLA-PC" name="nit.Selenum_ebaySearch.AppTest" tests="1" failures="0" timestamp="2020-07-03T16:41:47 IST" time="0.003" errors="0">
  <testcase name="testApp" time="0.003" classname="nit.Selenum_ebaySearch.AppTest"/>
  <system-out/>
</testsuite> <!-- nit.Selenum_ebaySearch.AppTest -->
