<?xml version="1.0" encoding="UTF-8"?>
<!-- Generated by org.testng.reporters.JUnitReportReporter -->
<testsuite skipped="0" hostname="ESWARKOLLA-PC" name="nit.Selenum_ebaySearch.EbaySearchTest" tests="1" failures="0" timestamp="2020-07-01T15:50:15 IST" time="87.164" errors="0">
  <testcase name="search" time="87.164" classname="nit.Selenum_ebaySearch.EbaySearchTest"/>
  <system-out/>
</testsuite> <!-- nit.Selenum_ebaySearch.EbaySearchTest -->
